2024-05-29 01:03:02 Loading main app package /usr/lib/obsidian/obsidian.asar
2024-05-29 01:03:02 Checking for update using Github
2024-05-29 01:03:03 Success.
2024-05-29 01:03:03 Latest version is 1.5.12
2024-05-29 01:03:03 App is up to date.
2024-05-29 01:04:15 Loading main app package /usr/lib/obsidian/obsidian.asar
2024-05-29 01:04:15 Checking for update using Github
2024-05-29 01:04:15 Success.
2024-05-29 01:04:15 Latest version is 1.5.12
2024-05-29 01:04:15 App is up to date.
2024-05-29 09:20:06 Loading main app package /usr/lib/obsidian/obsidian.asar
2024-05-29 09:20:07 Checking for update using Github
2024-05-29 09:20:07 Success.
2024-05-29 09:20:07 Latest version is 1.5.12
2024-05-29 09:20:07 App is up to date.
2024-05-29 10:20:07 Checking for update using Github
2024-05-29 10:20:07 Success.
2024-05-29 10:20:07 Latest version is 1.5.12
2024-05-29 10:20:07 App is up to date.
2024-05-29 17:57:09 Loading main app package /usr/lib/obsidian/obsidian.asar
2024-05-29 17:57:10 Checking for update using Github
2024-05-29 17:57:10 Success.
2024-05-29 17:57:10 Latest version is 1.5.12
2024-05-29 17:57:10 App is up to date.
2024-05-29 18:57:09 Checking for update using Github
2024-05-29 18:57:09 Failed to check for update using Github (net::ERR_INTERNET_DISCONNECTED)
2024-05-29 18:57:09 Checking for update using obsidian.md
2024-05-29 18:57:09 Failed to check for update using obsidian.md (net::ERR_INTERNET_DISCONNECTED)
2024-05-30 03:32:01 Loading main app package /usr/lib/obsidian/obsidian.asar
2024-05-30 03:32:01 Checking for update using Github
2024-05-30 03:32:01 Success.
2024-05-30 03:32:01 Latest version is 1.5.12
2024-05-30 03:32:01 App is up to date.
2024-05-31 02:31:01 Loading main app package /usr/lib/obsidian/obsidian.asar
2024-05-31 02:31:01 Checking for update using Github
2024-05-31 02:31:02 Success.
2024-05-31 02:31:02 Latest version is 1.5.12
2024-05-31 02:31:02 App is up to date.
2024-06-03 01:20:02 Loading main app package /usr/lib/obsidian/obsidian.asar
2024-06-03 01:20:03 Checking for update using Github
2024-06-03 01:20:03 Success.
2024-06-03 01:20:03 Latest version is 1.5.12
2024-06-03 01:20:03 App is up to date.
2024-06-03 02:20:03 Checking for update using Github
2024-06-03 02:20:03 Success.
2024-06-03 02:20:03 Latest version is 1.5.12
2024-06-03 02:20:03 App is up to date.
2024-06-03 03:20:03 Checking for update using Github
2024-06-03 03:20:03 Success.
2024-06-03 03:20:03 Latest version is 1.5.12
2024-06-03 03:20:03 App is up to date.
2024-06-03 04:20:03 Checking for update using Github
2024-06-03 04:20:03 Success.
2024-06-03 04:20:03 Latest version is 1.5.12
2024-06-03 04:20:03 App is up to date.
2024-06-03 05:20:03 Checking for update using Github
2024-06-03 05:20:03 Success.
2024-06-03 05:20:03 Latest version is 1.5.12
2024-06-03 05:20:03 App is up to date.
2024-06-03 06:20:03 Checking for update using Github
2024-06-03 06:20:03 Success.
2024-06-03 06:20:03 Latest version is 1.5.12
2024-06-03 06:20:03 App is up to date.
2024-06-03 07:20:03 Checking for update using Github
2024-06-03 07:20:03 Success.
2024-06-03 07:20:03 Latest version is 1.5.12
2024-06-03 07:20:03 App is up to date.
2024-06-03 08:20:03 Checking for update using Github
2024-06-03 08:20:03 Success.
2024-06-03 08:20:03 Latest version is 1.5.12
2024-06-03 08:20:03 App is up to date.
2024-06-03 09:20:03 Checking for update using Github
2024-06-03 09:20:03 Success.
2024-06-03 09:20:03 Latest version is 1.5.12
2024-06-03 09:20:03 App is up to date.
2024-06-03 10:20:03 Checking for update using Github
2024-06-03 10:20:03 Success.
2024-06-03 10:20:03 Latest version is 1.5.12
2024-06-03 10:20:03 App is up to date.
2024-06-03 11:20:03 Checking for update using Github
2024-06-03 11:20:03 Success.
2024-06-03 11:20:03 Latest version is 1.5.12
2024-06-03 11:20:03 App is up to date.
2024-06-03 12:20:03 Checking for update using Github
2024-06-03 12:20:03 Success.
2024-06-03 12:20:03 Latest version is 1.5.12
2024-06-03 12:20:03 App is up to date.
2024-06-03 13:20:03 Checking for update using Github
2024-06-03 13:20:03 Success.
2024-06-03 13:20:03 Latest version is 1.5.12
2024-06-03 13:20:03 App is up to date.
2024-06-03 14:20:03 Checking for update using Github
2024-06-03 14:20:03 Success.
2024-06-03 14:20:03 Latest version is 1.5.12
2024-06-03 14:20:03 App is up to date.
2024-06-03 15:20:03 Checking for update using Github
2024-06-03 15:20:04 Success.
2024-06-03 15:20:04 Latest version is 1.5.12
2024-06-03 15:20:04 App is up to date.
2024-06-03 16:20:04 Checking for update using Github
2024-06-03 16:20:04 Failed to check for update using Github (net::ERR_INTERNET_DISCONNECTED)
2024-06-03 16:20:04 Checking for update using obsidian.md
2024-06-03 16:20:04 Failed to check for update using obsidian.md (net::ERR_INTERNET_DISCONNECTED)
2024-06-03 17:20:04 Checking for update using Github
2024-06-03 17:20:04 Success.
2024-06-03 17:20:04 Latest version is 1.5.12
2024-06-03 17:20:04 App is up to date.
2024-06-03 18:20:04 Checking for update using Github
2024-06-03 18:20:04 Success.
2024-06-03 18:20:04 Latest version is 1.5.12
2024-06-03 18:20:04 App is up to date.
2024-06-03 19:20:04 Checking for update using Github
2024-06-03 19:20:04 Success.
2024-06-03 19:20:04 Latest version is 1.5.12
2024-06-03 19:20:04 App is up to date.
2024-06-04 08:21:38 Loading main app package /usr/lib/obsidian/obsidian.asar
2024-06-04 08:21:39 Checking for update using Github
2024-06-04 08:21:39 Success.
2024-06-04 08:21:39 Latest version is 1.5.12
2024-06-04 08:21:39 App is up to date.
2024-06-22 07:09:25 Loading main app package /usr/lib/obsidian/obsidian.asar
2024-06-22 07:09:25 Checking for update using Github
2024-06-22 07:09:25 Success.
2024-06-22 07:09:25 Latest version is 1.6.3
2024-06-22 07:09:25 Downloading update from https://github.com/obsidianmd/obsidian-releases/releases/download/v1.6.3/obsidian-1.6.3.asar.gz
2024-06-22 07:09:27 Verifying hash & signature. Size= 8794449
2024-06-22 07:09:27 Saving file
2024-06-22 07:09:27 Update complete.
2024-06-22 07:32:03 Loading updated app package /home/earthii/.config/obsidian/obsidian-1.6.3.asar
2024-06-22 07:32:03 Checking for update using Github
2024-06-22 07:32:03 Success.
2024-06-22 07:32:03 Latest version is 1.6.3
2024-06-22 07:32:03 App is up to date.
2024-06-22 08:32:03 Checking for update using Github
2024-06-22 08:32:03 Failed to check for update using Github (net::ERR_INTERNET_DISCONNECTED)
2024-06-22 08:32:03 Checking for update using obsidian.md
2024-06-22 08:32:03 Failed to check for update using obsidian.md (net::ERR_INTERNET_DISCONNECTED)
2024-06-22 09:32:03 Checking for update using Github
2024-06-22 09:32:03 Success.
2024-06-22 09:32:03 Latest version is 1.6.3
2024-06-22 09:32:03 App is up to date.
2024-06-22 10:32:03 Checking for update using Github
2024-06-22 10:32:03 Success.
2024-06-22 10:32:03 Latest version is 1.6.3
2024-06-22 10:32:03 App is up to date.
2024-06-22 11:32:03 Checking for update using Github
2024-06-22 11:32:03 Success.
2024-06-22 11:32:03 Latest version is 1.6.3
2024-06-22 11:32:03 App is up to date.
2024-06-22 12:32:12 Checking for update using Github
2024-06-22 12:32:12 Success.
2024-06-22 12:32:12 Latest version is 1.6.3
2024-06-22 12:32:12 App is up to date.
2024-06-22 13:46:53 Checking for update using Github
2024-06-22 13:46:53 Success.
2024-06-22 13:46:53 Latest version is 1.6.3
2024-06-22 13:46:53 App is up to date.
2024-06-22 14:46:53 Checking for update using Github
2024-06-22 14:46:53 Success.
2024-06-22 14:46:53 Latest version is 1.6.3
2024-06-22 14:46:53 App is up to date.
2024-06-22 15:46:53 Checking for update using Github
2024-06-22 15:46:53 Success.
2024-06-22 15:46:53 Latest version is 1.6.3
2024-06-22 15:46:53 App is up to date.
2024-06-22 16:46:53 Checking for update using Github
2024-06-22 16:46:53 Success.
2024-06-22 16:46:53 Latest version is 1.6.3
2024-06-22 16:46:53 App is up to date.
2024-06-22 17:46:53 Checking for update using Github
2024-06-22 17:46:53 Success.
2024-06-22 17:46:53 Latest version is 1.6.3
2024-06-22 17:46:53 App is up to date.
2024-06-22 18:46:53 Checking for update using Github
2024-06-22 18:46:53 Success.
2024-06-22 18:46:53 Latest version is 1.6.3
2024-06-22 18:46:53 App is up to date.
2024-06-22 19:46:53 Checking for update using Github
2024-06-22 19:46:53 Success.
2024-06-22 19:46:53 Latest version is 1.6.3
2024-06-22 19:46:53 App is up to date.
2024-06-22 20:46:53 Checking for update using Github
2024-06-22 20:46:53 Success.
2024-06-22 20:46:53 Latest version is 1.6.3
2024-06-22 20:46:53 App is up to date.
2024-06-22 21:46:53 Checking for update using Github
2024-06-22 21:46:53 Success.
2024-06-22 21:46:53 Latest version is 1.6.3
2024-06-22 21:46:53 App is up to date.
2024-06-22 22:46:53 Checking for update using Github
2024-06-22 22:46:57 Failed to check for update using Github (net::ERR_INTERNET_DISCONNECTED)
2024-06-22 22:46:57 Checking for update using obsidian.md
2024-06-22 22:46:57 Failed to check for update using obsidian.md (net::ERR_NETWORK_CHANGED)
2024-06-22 23:46:53 Checking for update using Github
2024-06-22 23:46:53 Success.
2024-06-22 23:46:53 Latest version is 1.6.3
2024-06-22 23:46:53 App is up to date.
2024-06-23 00:46:53 Checking for update using Github
2024-06-23 00:46:53 Success.
2024-06-23 00:46:53 Latest version is 1.6.3
2024-06-23 00:46:53 App is up to date.
2024-06-23 01:46:53 Checking for update using Github
2024-06-23 01:46:54 Success.
2024-06-23 01:46:54 Latest version is 1.6.3
2024-06-23 01:46:54 App is up to date.
2024-06-23 02:46:54 Checking for update using Github
2024-06-23 02:46:54 Success.
2024-06-23 02:46:54 Latest version is 1.6.3
2024-06-23 02:46:54 App is up to date.
2024-06-23 03:46:54 Checking for update using Github
2024-06-23 03:46:54 Success.
2024-06-23 03:46:54 Latest version is 1.6.3
2024-06-23 03:46:54 App is up to date.
2024-06-23 04:46:54 Checking for update using Github
2024-06-23 04:46:54 Success.
2024-06-23 04:46:54 Latest version is 1.6.3
2024-06-23 04:46:54 App is up to date.
2024-06-23 05:46:54 Checking for update using Github
2024-06-23 05:46:54 Success.
2024-06-23 05:46:54 Latest version is 1.6.3
2024-06-23 05:46:54 App is up to date.
2024-06-23 09:06:50 Loading updated app package /home/earthii/.config/obsidian/obsidian-1.6.3.asar
2024-06-23 09:06:51 Checking for update using Github
2024-06-23 09:06:51 Success.
2024-06-23 09:06:51 Latest version is 1.6.3
2024-06-23 09:06:51 App is up to date.
2024-06-23 10:06:51 Checking for update using Github
2024-06-23 10:06:51 Success.
2024-06-23 10:06:51 Latest version is 1.6.3
2024-06-23 10:06:51 App is up to date.
2024-06-23 11:06:51 Checking for update using Github
2024-06-23 11:06:51 Success.
2024-06-23 11:06:51 Latest version is 1.6.3
2024-06-23 11:06:51 App is up to date.
2024-06-23 12:06:51 Checking for update using Github
2024-06-23 12:06:51 Success.
2024-06-23 12:06:51 Latest version is 1.6.3
2024-06-23 12:06:51 App is up to date.
2024-06-23 13:06:51 Checking for update using Github
2024-06-23 13:06:51 Success.
2024-06-23 13:06:51 Latest version is 1.6.3
2024-06-23 13:06:51 App is up to date.
2024-06-23 14:06:51 Checking for update using Github
2024-06-23 14:06:51 Success.
2024-06-23 14:06:51 Latest version is 1.6.3
2024-06-23 14:06:51 App is up to date.
2024-06-23 15:06:51 Checking for update using Github
2024-06-23 15:06:51 Success.
2024-06-23 15:06:51 Latest version is 1.6.3
2024-06-23 15:06:51 App is up to date.
2024-06-23 16:06:51 Checking for update using Github
2024-06-23 16:06:51 Success.
2024-06-23 16:06:51 Latest version is 1.6.3
2024-06-23 16:06:51 App is up to date.
2024-06-23 17:06:51 Checking for update using Github
2024-06-23 17:06:51 Success.
2024-06-23 17:06:51 Latest version is 1.6.3
2024-06-23 17:06:51 App is up to date.
2024-06-23 18:06:51 Checking for update using Github
2024-06-23 18:06:51 Success.
2024-06-23 18:06:51 Latest version is 1.6.3
2024-06-23 18:06:51 App is up to date.
2024-06-23 19:06:51 Checking for update using Github
2024-06-23 19:06:51 Success.
2024-06-23 19:06:51 Latest version is 1.6.3
2024-06-23 19:06:51 App is up to date.
2024-06-23 20:06:51 Checking for update using Github
2024-06-23 20:06:51 Success.
2024-06-23 20:06:51 Latest version is 1.6.3
2024-06-23 20:06:51 App is up to date.
2024-06-23 21:06:51 Checking for update using Github
2024-06-23 21:06:51 Success.
2024-06-23 21:06:51 Latest version is 1.6.3
2024-06-23 21:06:51 App is up to date.
2024-06-23 22:06:51 Checking for update using Github
2024-06-23 22:06:51 Success.
2024-06-23 22:06:51 Latest version is 1.6.3
2024-06-23 22:06:51 App is up to date.
2024-06-23 23:06:51 Checking for update using Github
2024-06-23 23:06:51 Success.
2024-06-23 23:06:51 Latest version is 1.6.3
2024-06-23 23:06:51 App is up to date.
2024-06-24 00:06:51 Checking for update using Github
2024-06-24 00:06:51 Success.
2024-06-24 00:06:51 Latest version is 1.6.3
2024-06-24 00:06:51 App is up to date.
2024-06-24 01:06:52 Checking for update using Github
2024-06-24 01:06:52 Success.
2024-06-24 01:06:52 Latest version is 1.6.3
2024-06-24 01:06:52 App is up to date.
2024-06-24 02:06:52 Checking for update using Github
2024-06-24 02:06:52 Success.
2024-06-24 02:06:52 Latest version is 1.6.3
2024-06-24 02:06:52 App is up to date.
2024-06-24 03:06:52 Checking for update using Github
2024-06-24 03:06:52 Success.
2024-06-24 03:06:52 Latest version is 1.6.3
2024-06-24 03:06:52 App is up to date.
2024-06-24 04:06:52 Checking for update using Github
2024-06-24 04:06:52 Success.
2024-06-24 04:06:52 Latest version is 1.6.3
2024-06-24 04:06:52 App is up to date.
2024-06-24 05:06:52 Checking for update using Github
2024-06-24 05:06:52 Success.
2024-06-24 05:06:52 Latest version is 1.6.3
2024-06-24 05:06:52 App is up to date.
2024-06-24 06:06:52 Checking for update using Github
2024-06-24 06:06:52 Success.
2024-06-24 06:06:52 Latest version is 1.6.3
2024-06-24 06:06:52 App is up to date.
2024-06-24 07:06:52 Checking for update using Github
2024-06-24 07:06:52 Success.
2024-06-24 07:06:52 Latest version is 1.6.3
2024-06-24 07:06:52 App is up to date.
2024-06-24 08:06:52 Checking for update using Github
2024-06-24 08:06:52 Success.
2024-06-24 08:06:52 Latest version is 1.6.3
2024-06-24 08:06:52 App is up to date.
2024-06-24 09:06:52 Checking for update using Github
2024-06-24 09:06:52 Success.
2024-06-24 09:06:52 Latest version is 1.6.3
2024-06-24 09:06:52 App is up to date.
2024-06-24 10:06:52 Checking for update using Github
2024-06-24 10:06:52 Success.
2024-06-24 10:06:52 Latest version is 1.6.3
2024-06-24 10:06:52 App is up to date.
2024-06-24 11:06:52 Checking for update using Github
2024-06-24 11:06:52 Success.
2024-06-24 11:06:52 Latest version is 1.6.3
2024-06-24 11:06:52 App is up to date.
2024-06-24 12:06:52 Checking for update using Github
2024-06-24 12:06:52 Success.
2024-06-24 12:06:52 Latest version is 1.6.3
2024-06-24 12:06:52 App is up to date.
2024-06-24 13:06:52 Checking for update using Github
2024-06-24 13:06:52 Success.
2024-06-24 13:06:52 Latest version is 1.6.3
2024-06-24 13:06:52 App is up to date.
2024-06-24 14:06:52 Checking for update using Github
2024-06-24 14:06:52 Success.
2024-06-24 14:06:52 Latest version is 1.6.3
2024-06-24 14:06:52 App is up to date.
2024-06-24 15:06:52 Checking for update using Github
2024-06-24 15:06:52 Success.
2024-06-24 15:06:52 Latest version is 1.6.3
2024-06-24 15:06:52 App is up to date.
2024-06-24 16:06:53 Checking for update using Github
2024-06-24 16:06:53 Success.
2024-06-24 16:06:53 Latest version is 1.6.3
2024-06-24 16:06:53 App is up to date.
2024-06-24 17:06:53 Checking for update using Github
2024-06-24 17:06:53 Success.
2024-06-24 17:06:53 Latest version is 1.6.3
2024-06-24 17:06:53 App is up to date.
2024-06-24 18:06:53 Checking for update using Github
2024-06-24 18:06:53 Success.
2024-06-24 18:06:53 Latest version is 1.6.3
2024-06-24 18:06:53 App is up to date.
2024-06-24 19:06:53 Checking for update using Github
2024-06-24 19:06:53 Success.
2024-06-24 19:06:53 Latest version is 1.6.3
2024-06-24 19:06:53 App is up to date.
2024-06-24 20:06:53 Checking for update using Github
2024-06-24 20:06:53 Success.
2024-06-24 20:06:53 Latest version is 1.6.3
2024-06-24 20:06:53 App is up to date.
2024-06-24 21:06:53 Checking for update using Github
2024-06-24 21:06:53 Success.
2024-06-24 21:06:53 Latest version is 1.6.3
2024-06-24 21:06:53 App is up to date.
2024-06-24 22:06:53 Checking for update using Github
2024-06-24 22:06:53 Success.
2024-06-24 22:06:53 Latest version is 1.6.3
2024-06-24 22:06:53 App is up to date.
2024-06-24 23:06:53 Checking for update using Github
2024-06-24 23:06:53 Success.
2024-06-24 23:06:53 Latest version is 1.6.3
2024-06-24 23:06:53 App is up to date.
2024-06-25 00:06:53 Checking for update using Github
2024-06-25 00:06:53 Success.
2024-06-25 00:06:53 Latest version is 1.6.3
2024-06-25 00:06:53 App is up to date.
2024-06-25 01:06:53 Checking for update using Github
2024-06-25 01:06:53 Success.
2024-06-25 01:06:53 Latest version is 1.6.3
2024-06-25 01:06:53 App is up to date.
2024-06-25 02:06:53 Checking for update using Github
2024-06-25 02:06:53 Success.
2024-06-25 02:06:53 Latest version is 1.6.3
2024-06-25 02:06:53 App is up to date.
2024-06-25 03:06:54 Checking for update using Github
2024-06-25 03:06:54 Success.
2024-06-25 03:06:54 Latest version is 1.6.3
2024-06-25 03:06:54 App is up to date.
2024-06-25 04:06:54 Checking for update using Github
2024-06-25 04:06:54 Success.
2024-06-25 04:06:54 Latest version is 1.6.3
2024-06-25 04:06:54 App is up to date.
2024-06-25 05:06:54 Checking for update using Github
2024-06-25 05:06:54 Success.
2024-06-25 05:06:54 Latest version is 1.6.3
2024-06-25 05:06:54 App is up to date.
2024-06-25 06:06:54 Checking for update using Github
2024-06-25 06:06:54 Success.
2024-06-25 06:06:54 Latest version is 1.6.3
2024-06-25 06:06:54 App is up to date.
2024-06-25 07:06:54 Checking for update using Github
2024-06-25 07:06:54 Success.
2024-06-25 07:06:54 Latest version is 1.6.3
2024-06-25 07:06:54 App is up to date.
2024-06-25 08:06:54 Checking for update using Github
2024-06-25 08:06:54 Success.
2024-06-25 08:06:54 Latest version is 1.6.3
2024-06-25 08:06:54 App is up to date.
2024-06-25 09:06:54 Checking for update using Github
2024-06-25 09:06:54 Success.
2024-06-25 09:06:54 Latest version is 1.6.3
2024-06-25 09:06:54 App is up to date.
2024-06-25 10:06:54 Checking for update using Github
2024-06-25 10:06:54 Success.
2024-06-25 10:06:54 Latest version is 1.6.3
2024-06-25 10:06:54 App is up to date.
2024-06-25 11:06:54 Checking for update using Github
2024-06-25 11:06:54 Success.
2024-06-25 11:06:54 Latest version is 1.6.3
2024-06-25 11:06:54 App is up to date.
2024-06-25 12:06:54 Checking for update using Github
2024-06-25 12:06:54 Success.
2024-06-25 12:06:54 Latest version is 1.6.3
2024-06-25 12:06:54 App is up to date.
2024-06-25 13:06:54 Checking for update using Github
2024-06-25 13:06:54 Success.
2024-06-25 13:06:54 Latest version is 1.6.3
2024-06-25 13:06:54 App is up to date.
2024-06-25 14:06:54 Checking for update using Github
2024-06-25 14:06:54 Success.
2024-06-25 14:06:54 Latest version is 1.6.3
2024-06-25 14:06:54 App is up to date.
2024-06-25 15:06:55 Checking for update using Github
2024-06-25 15:06:55 Success.
2024-06-25 15:06:55 Latest version is 1.6.3
2024-06-25 15:06:55 App is up to date.
2024-06-25 16:06:55 Checking for update using Github
2024-06-25 16:06:55 Success.
2024-06-25 16:06:55 Latest version is 1.6.5
2024-06-25 16:06:55 Downloading update from https://github.com/obsidianmd/obsidian-releases/releases/download/v1.6.5/obsidian-1.6.5.asar.gz
2024-06-25 16:06:56 Verifying hash & signature. Size= 8839622
2024-06-25 16:06:56 Saving file
2024-06-25 16:06:56 Update complete.
2024-06-25 17:06:55 Checking for update using Github
2024-06-25 17:06:55 Success.
2024-06-25 17:06:55 Latest version is 1.6.5
2024-06-25 17:06:55 An update is already downloaded.
2024-06-25 18:06:55 Checking for update using Github
2024-06-25 18:06:55 Success.
2024-06-25 18:06:55 Latest version is 1.6.5
2024-06-25 18:06:55 An update is already downloaded.
2024-06-25 19:06:55 Checking for update using Github
2024-06-25 19:06:55 Success.
2024-06-25 19:06:55 Latest version is 1.6.5
2024-06-25 19:06:55 An update is already downloaded.
2024-06-25 20:06:55 Checking for update using Github
2024-06-25 20:06:55 Success.
2024-06-25 20:06:55 Latest version is 1.6.5
2024-06-25 20:06:55 An update is already downloaded.
2024-06-25 21:06:55 Checking for update using Github
2024-06-25 21:06:55 Success.
2024-06-25 21:06:55 Latest version is 1.6.5
2024-06-25 21:06:55 An update is already downloaded.
2024-06-25 22:06:55 Checking for update using Github
2024-06-25 22:06:55 Success.
2024-06-25 22:06:55 Latest version is 1.6.5
2024-06-25 22:06:55 An update is already downloaded.
2024-06-25 23:06:55 Checking for update using Github
2024-06-25 23:06:55 Success.
2024-06-25 23:06:55 Latest version is 1.6.5
2024-06-25 23:06:55 An update is already downloaded.
2024-06-26 00:06:55 Checking for update using Github
2024-06-26 00:06:55 Success.
2024-06-26 00:06:55 Latest version is 1.6.5
2024-06-26 00:06:55 An update is already downloaded.
2024-06-26 01:06:55 Checking for update using Github
2024-06-26 01:06:55 Success.
2024-06-26 01:06:55 Latest version is 1.6.5
2024-06-26 01:06:55 An update is already downloaded.
2024-06-26 02:06:55 Checking for update using Github
2024-06-26 02:06:55 Success.
2024-06-26 02:06:55 Latest version is 1.6.5
2024-06-26 02:06:55 An update is already downloaded.
2024-06-26 03:06:55 Checking for update using Github
2024-06-26 03:06:55 Success.
2024-06-26 03:06:55 Latest version is 1.6.5
2024-06-26 03:06:55 An update is already downloaded.
2024-06-26 04:06:56 Checking for update using Github
2024-06-26 04:06:56 Success.
2024-06-26 04:06:56 Latest version is 1.6.5
2024-06-26 04:06:56 An update is already downloaded.
2024-06-26 05:06:56 Checking for update using Github
2024-06-26 05:06:56 Success.
2024-06-26 05:06:56 Latest version is 1.6.5
2024-06-26 05:06:56 An update is already downloaded.
2024-06-26 06:06:56 Checking for update using Github
2024-06-26 06:06:56 Success.
2024-06-26 06:06:56 Latest version is 1.6.5
2024-06-26 06:06:56 An update is already downloaded.
2024-06-26 07:06:56 Checking for update using Github
2024-06-26 07:06:56 Success.
2024-06-26 07:06:56 Latest version is 1.6.5
2024-06-26 07:06:56 An update is already downloaded.
2024-06-26 08:06:56 Checking for update using Github
2024-06-26 08:06:56 Success.
2024-06-26 08:06:56 Latest version is 1.6.5
2024-06-26 08:06:56 An update is already downloaded.
2024-06-26 09:06:56 Checking for update using Github
2024-06-26 09:06:56 Success.
2024-06-26 09:06:56 Latest version is 1.6.5
2024-06-26 09:06:56 An update is already downloaded.
2024-06-26 10:06:56 Checking for update using Github
2024-06-26 10:06:56 Success.
2024-06-26 10:06:56 Latest version is 1.6.5
2024-06-26 10:06:56 An update is already downloaded.
2024-06-26 11:06:56 Checking for update using Github
2024-06-26 11:06:56 Success.
2024-06-26 11:06:56 Latest version is 1.6.5
2024-06-26 11:06:56 An update is already downloaded.
2024-06-26 12:59:21 Checking for update using Github
2024-06-26 12:59:21 Success.
2024-06-26 12:59:21 Latest version is 1.6.5
2024-06-26 12:59:21 An update is already downloaded.
2024-06-26 13:59:21 Checking for update using Github
2024-06-26 13:59:21 Success.
2024-06-26 13:59:21 Latest version is 1.6.5
2024-06-26 13:59:21 An update is already downloaded.
2024-06-26 14:59:21 Checking for update using Github
2024-06-26 14:59:21 Success.
2024-06-26 14:59:21 Latest version is 1.6.5
2024-06-26 14:59:21 An update is already downloaded.
2024-06-26 15:59:21 Checking for update using Github
2024-06-26 15:59:21 Success.
2024-06-26 15:59:21 Latest version is 1.6.5
2024-06-26 15:59:21 An update is already downloaded.
2024-06-26 16:59:21 Checking for update using Github
2024-06-26 16:59:21 Success.
2024-06-26 16:59:21 Latest version is 1.6.5
2024-06-26 16:59:21 An update is already downloaded.
2024-06-26 17:59:22 Checking for update using Github
2024-06-26 17:59:22 Success.
2024-06-26 17:59:22 Latest version is 1.6.5
2024-06-26 17:59:22 An update is already downloaded.
2024-06-26 18:59:22 Checking for update using Github
2024-06-26 18:59:22 Success.
2024-06-26 18:59:22 Latest version is 1.6.5
2024-06-26 18:59:22 An update is already downloaded.
2024-06-26 19:59:22 Checking for update using Github
2024-06-26 19:59:22 Success.
2024-06-26 19:59:22 Latest version is 1.6.5
2024-06-26 19:59:22 An update is already downloaded.
2024-06-26 20:59:22 Checking for update using Github
2024-06-26 20:59:22 Success.
2024-06-26 20:59:22 Latest version is 1.6.5
2024-06-26 20:59:22 An update is already downloaded.
2024-06-26 21:59:22 Checking for update using Github
2024-06-26 21:59:22 Success.
2024-06-26 21:59:22 Latest version is 1.6.5
2024-06-26 21:59:22 An update is already downloaded.
2024-06-26 22:59:22 Checking for update using Github
2024-06-26 22:59:22 Success.
2024-06-26 22:59:22 Latest version is 1.6.5
2024-06-26 22:59:22 An update is already downloaded.
2024-06-26 23:59:22 Checking for update using Github
2024-06-26 23:59:22 Success.
2024-06-26 23:59:22 Latest version is 1.6.5
2024-06-26 23:59:22 An update is already downloaded.
2024-06-27 00:59:22 Checking for update using Github
2024-06-27 00:59:22 Success.
2024-06-27 00:59:22 Latest version is 1.6.5
2024-06-27 00:59:22 An update is already downloaded.
2024-06-27 01:59:22 Checking for update using Github
2024-06-27 01:59:22 Success.
2024-06-27 01:59:22 Latest version is 1.6.5
2024-06-27 01:59:22 An update is already downloaded.
2024-06-27 02:59:22 Checking for update using Github
2024-06-27 02:59:22 Success.
2024-06-27 02:59:22 Latest version is 1.6.5
2024-06-27 02:59:22 An update is already downloaded.
2024-06-27 03:59:22 Checking for update using Github
2024-06-27 03:59:22 Success.
2024-06-27 03:59:22 Latest version is 1.6.5
2024-06-27 03:59:22 An update is already downloaded.
2024-06-27 04:59:22 Checking for update using Github
2024-06-27 04:59:22 Success.
2024-06-27 04:59:22 Latest version is 1.6.5
2024-06-27 04:59:22 An update is already downloaded.
2024-06-27 05:59:22 Checking for update using Github
2024-06-27 05:59:22 Success.
2024-06-27 05:59:22 Latest version is 1.6.5
2024-06-27 05:59:22 An update is already downloaded.
2024-06-27 06:59:22 Checking for update using Github
2024-06-27 06:59:22 Success.
2024-06-27 06:59:22 Latest version is 1.6.5
2024-06-27 06:59:22 An update is already downloaded.
2024-06-27 07:59:23 Checking for update using Github
2024-06-27 07:59:23 Success.
2024-06-27 07:59:23 Latest version is 1.6.5
2024-06-27 07:59:23 An update is already downloaded.
2024-06-27 08:59:23 Checking for update using Github
2024-06-27 08:59:23 Success.
2024-06-27 08:59:23 Latest version is 1.6.5
2024-06-27 08:59:23 An update is already downloaded.
2024-06-27 09:59:23 Checking for update using Github
2024-06-27 09:59:23 Success.
2024-06-27 09:59:23 Latest version is 1.6.5
2024-06-27 09:59:23 An update is already downloaded.
2024-06-27 10:59:23 Checking for update using Github
2024-06-27 10:59:23 Success.
2024-06-27 10:59:23 Latest version is 1.6.5
2024-06-27 10:59:23 An update is already downloaded.
2024-06-27 11:59:23 Checking for update using Github
2024-06-27 11:59:23 Success.
2024-06-27 11:59:23 Latest version is 1.6.5
2024-06-27 11:59:23 An update is already downloaded.
2024-06-27 13:30:27 Checking for update using Github
2024-06-27 13:30:27 Success.
2024-06-27 13:30:27 Latest version is 1.6.5
2024-06-27 13:30:27 An update is already downloaded.
2024-06-27 14:30:27 Checking for update using Github
2024-06-27 14:30:27 Success.
2024-06-27 14:30:27 Latest version is 1.6.5
2024-06-27 14:30:27 An update is already downloaded.
2024-06-27 15:30:27 Checking for update using Github
2024-06-27 15:30:27 Success.
2024-06-27 15:30:27 Latest version is 1.6.5
2024-06-27 15:30:27 An update is already downloaded.
2024-06-27 16:30:27 Checking for update using Github
2024-06-27 16:30:27 Success.
2024-06-27 16:30:27 Latest version is 1.6.5
2024-06-27 16:30:27 An update is already downloaded.
2024-06-27 17:30:27 Checking for update using Github
2024-06-27 17:30:27 Success.
2024-06-27 17:30:27 Latest version is 1.6.5
2024-06-27 17:30:27 An update is already downloaded.
2024-06-27 18:30:27 Checking for update using Github
2024-06-27 18:30:27 Success.
2024-06-27 18:30:27 Latest version is 1.6.5
2024-06-27 18:30:27 An update is already downloaded.
2024-06-27 19:30:27 Checking for update using Github
2024-06-27 19:30:27 Success.
2024-06-27 19:30:27 Latest version is 1.6.5
2024-06-27 19:30:27 An update is already downloaded.
2024-06-27 20:30:27 Checking for update using Github
2024-06-27 20:30:28 Success.
2024-06-27 20:30:28 Latest version is 1.6.5
2024-06-27 20:30:28 An update is already downloaded.
2024-06-27 21:30:28 Checking for update using Github
2024-06-27 21:30:28 Success.
2024-06-27 21:30:28 Latest version is 1.6.5
2024-06-27 21:30:28 An update is already downloaded.
2024-06-27 22:30:28 Checking for update using Github
2024-06-27 22:30:28 Success.
2024-06-27 22:30:28 Latest version is 1.6.5
2024-06-27 22:30:28 An update is already downloaded.
2024-06-27 23:30:28 Checking for update using Github
2024-06-27 23:30:28 Success.
2024-06-27 23:30:28 Latest version is 1.6.5
2024-06-27 23:30:28 An update is already downloaded.
2024-06-28 00:30:28 Checking for update using Github
2024-06-28 00:30:28 Success.
2024-06-28 00:30:28 Latest version is 1.6.5
2024-06-28 00:30:28 An update is already downloaded.
2024-06-28 01:30:28 Checking for update using Github
2024-06-28 01:30:28 Success.
2024-06-28 01:30:28 Latest version is 1.6.5
2024-06-28 01:30:28 An update is already downloaded.
2024-06-28 02:30:28 Checking for update using Github
2024-06-28 02:30:28 Success.
2024-06-28 02:30:28 Latest version is 1.6.5
2024-06-28 02:30:28 An update is already downloaded.
2024-06-28 03:30:28 Checking for update using Github
2024-06-28 03:30:28 Success.
2024-06-28 03:30:28 Latest version is 1.6.5
2024-06-28 03:30:28 An update is already downloaded.
2024-06-28 04:30:28 Checking for update using Github
2024-06-28 04:30:28 Success.
2024-06-28 04:30:28 Latest version is 1.6.5
2024-06-28 04:30:28 An update is already downloaded.
2024-06-28 05:30:28 Checking for update using Github
2024-06-28 05:30:28 Success.
2024-06-28 05:30:28 Latest version is 1.6.5
2024-06-28 05:30:28 An update is already downloaded.
2024-06-28 06:30:28 Checking for update using Github
2024-06-28 06:30:28 Success.
2024-06-28 06:30:28 Latest version is 1.6.5
2024-06-28 06:30:28 An update is already downloaded.
2024-06-28 07:30:29 Checking for update using Github
2024-06-28 07:30:29 Success.
2024-06-28 07:30:29 Latest version is 1.6.5
2024-06-28 07:30:29 An update is already downloaded.
2024-06-28 08:30:29 Checking for update using Github
2024-06-28 08:30:29 Success.
2024-06-28 08:30:29 Latest version is 1.6.5
2024-06-28 08:30:29 An update is already downloaded.
2024-06-28 09:30:29 Checking for update using Github
2024-06-28 09:30:29 Success.
2024-06-28 09:30:29 Latest version is 1.6.5
2024-06-28 09:30:29 An update is already downloaded.
2024-06-28 10:30:29 Checking for update using Github
2024-06-28 10:30:29 Success.
2024-06-28 10:30:29 Latest version is 1.6.5
2024-06-28 10:30:29 An update is already downloaded.
2024-06-28 11:30:29 Checking for update using Github
2024-06-28 11:30:29 Success.
2024-06-28 11:30:29 Latest version is 1.6.5
2024-06-28 11:30:29 An update is already downloaded.
2024-06-28 12:30:29 Checking for update using Github
2024-06-28 12:30:29 Success.
2024-06-28 12:30:29 Latest version is 1.6.5
2024-06-28 12:30:29 An update is already downloaded.
2024-06-28 13:30:29 Checking for update using Github
2024-06-28 13:30:29 Success.
2024-06-28 13:30:29 Latest version is 1.6.5
2024-06-28 13:30:29 An update is already downloaded.
2024-06-28 14:30:29 Checking for update using Github
2024-06-28 14:30:29 Success.
2024-06-28 14:30:29 Latest version is 1.6.5
2024-06-28 14:30:29 An update is already downloaded.
2024-06-28 15:30:29 Checking for update using Github
2024-06-28 15:30:29 Success.
2024-06-28 15:30:29 Latest version is 1.6.5
2024-06-28 15:30:29 An update is already downloaded.
2024-06-28 16:30:29 Checking for update using Github
2024-06-28 16:30:30 Success.
2024-06-28 16:30:30 Latest version is 1.6.5
2024-06-28 16:30:30 An update is already downloaded.
2024-06-28 17:30:29 Checking for update using Github
2024-06-28 17:30:30 Success.
2024-06-28 17:30:30 Latest version is 1.6.5
2024-06-28 17:30:30 An update is already downloaded.
2024-06-28 18:30:30 Checking for update using Github
2024-06-28 18:30:30 Success.
2024-06-28 18:30:30 Latest version is 1.6.5
2024-06-28 18:30:30 An update is already downloaded.
2024-06-28 19:30:30 Checking for update using Github
2024-06-28 19:30:30 Success.
2024-06-28 19:30:30 Latest version is 1.6.5
2024-06-28 19:30:30 An update is already downloaded.
2024-06-28 20:30:30 Checking for update using Github
2024-06-28 20:30:30 Success.
2024-06-28 20:30:30 Latest version is 1.6.5
2024-06-28 20:30:30 An update is already downloaded.
2024-06-28 21:30:30 Checking for update using Github
2024-06-28 21:30:30 Success.
2024-06-28 21:30:30 Latest version is 1.6.5
2024-06-28 21:30:30 An update is already downloaded.
2024-06-28 22:30:30 Checking for update using Github
2024-06-28 22:30:30 Success.
2024-06-28 22:30:30 Latest version is 1.6.5
2024-06-28 22:30:30 An update is already downloaded.
2024-06-28 23:30:30 Checking for update using Github
2024-06-28 23:30:30 Success.
2024-06-28 23:30:30 Latest version is 1.6.5
2024-06-28 23:30:30 An update is already downloaded.
2024-06-29 00:30:30 Checking for update using Github
2024-06-29 00:30:30 Success.
2024-06-29 00:30:30 Latest version is 1.6.5
2024-06-29 00:30:30 An update is already downloaded.
2024-06-29 01:30:30 Checking for update using Github
2024-06-29 01:30:30 Success.
2024-06-29 01:30:30 Latest version is 1.6.5
2024-06-29 01:30:30 An update is already downloaded.
2024-06-29 02:30:30 Checking for update using Github
2024-06-29 02:30:31 Success.
2024-06-29 02:30:31 Latest version is 1.6.5
2024-06-29 02:30:31 An update is already downloaded.
2024-06-29 03:30:30 Checking for update using Github
2024-06-29 03:30:31 Success.
2024-06-29 03:30:31 Latest version is 1.6.5
2024-06-29 03:30:31 An update is already downloaded.
2024-06-29 04:30:31 Checking for update using Github
2024-06-29 04:30:31 Success.
2024-06-29 04:30:31 Latest version is 1.6.5
2024-06-29 04:30:31 An update is already downloaded.
2024-06-29 05:30:31 Checking for update using Github
2024-06-29 05:30:31 Success.
2024-06-29 05:30:31 Latest version is 1.6.5
2024-06-29 05:30:31 An update is already downloaded.
2024-06-29 06:30:31 Checking for update using Github
2024-06-29 06:30:31 Success.
2024-06-29 06:30:31 Latest version is 1.6.5
2024-06-29 06:30:31 An update is already downloaded.
2024-06-29 07:30:31 Checking for update using Github
2024-06-29 07:30:31 Success.
2024-06-29 07:30:31 Latest version is 1.6.5
2024-06-29 07:30:31 An update is already downloaded.
2024-06-29 08:30:31 Checking for update using Github
2024-06-29 08:30:31 Success.
2024-06-29 08:30:31 Latest version is 1.6.5
2024-06-29 08:30:31 An update is already downloaded.
2024-06-29 09:30:31 Checking for update using Github
2024-06-29 09:30:31 Success.
2024-06-29 09:30:31 Latest version is 1.6.5
2024-06-29 09:30:31 An update is already downloaded.
2024-06-29 10:30:31 Checking for update using Github
2024-06-29 10:30:31 Failed to check for update using Github (net::ERR_INTERNET_DISCONNECTED)
2024-06-29 10:30:31 Checking for update using obsidian.md
2024-06-29 10:30:31 Failed to check for update using obsidian.md (net::ERR_INTERNET_DISCONNECTED)
2024-06-29 11:30:31 Checking for update using Github
2024-06-29 11:30:31 Failed to check for update using Github (net::ERR_INTERNET_DISCONNECTED)
2024-06-29 11:30:31 Checking for update using obsidian.md
2024-06-29 11:30:31 Failed to check for update using obsidian.md (net::ERR_INTERNET_DISCONNECTED)
2024-06-29 12:30:31 Checking for update using Github
2024-06-29 12:30:31 Failed to check for update using Github (net::ERR_INTERNET_DISCONNECTED)
2024-06-29 12:30:31 Checking for update using obsidian.md
2024-06-29 12:30:31 Failed to check for update using obsidian.md (net::ERR_INTERNET_DISCONNECTED)
2024-06-29 13:30:31 Checking for update using Github
2024-06-29 13:30:31 Failed to check for update using Github (net::ERR_INTERNET_DISCONNECTED)
2024-06-29 13:30:31 Checking for update using obsidian.md
2024-06-29 13:30:31 Failed to check for update using obsidian.md (net::ERR_INTERNET_DISCONNECTED)
2024-06-29 14:30:32 Checking for update using Github
2024-06-29 14:30:32 Failed to check for update using Github (net::ERR_INTERNET_DISCONNECTED)
2024-06-29 14:30:32 Checking for update using obsidian.md
2024-06-29 14:30:32 Failed to check for update using obsidian.md (net::ERR_INTERNET_DISCONNECTED)
2024-06-29 15:30:32 Checking for update using Github
2024-06-29 15:30:32 Failed to check for update using Github (net::ERR_INTERNET_DISCONNECTED)
2024-06-29 15:30:32 Checking for update using obsidian.md
2024-06-29 15:30:32 Failed to check for update using obsidian.md (net::ERR_INTERNET_DISCONNECTED)
2024-06-29 16:30:32 Checking for update using Github
2024-06-29 16:30:32 Failed to check for update using Github (net::ERR_INTERNET_DISCONNECTED)
2024-06-29 16:30:32 Checking for update using obsidian.md
2024-06-29 16:30:32 Failed to check for update using obsidian.md (net::ERR_INTERNET_DISCONNECTED)
2024-06-29 17:30:32 Checking for update using Github
2024-06-29 17:30:32 Failed to check for update using Github (net::ERR_INTERNET_DISCONNECTED)
2024-06-29 17:30:32 Checking for update using obsidian.md
2024-06-29 17:30:32 Failed to check for update using obsidian.md (net::ERR_INTERNET_DISCONNECTED)
2024-06-29 18:30:32 Checking for update using Github
2024-06-29 18:30:32 Failed to check for update using Github (net::ERR_INTERNET_DISCONNECTED)
2024-06-29 18:30:32 Checking for update using obsidian.md
2024-06-29 18:30:32 Failed to check for update using obsidian.md (net::ERR_INTERNET_DISCONNECTED)
2024-06-29 19:30:32 Checking for update using Github
2024-06-29 19:30:32 Failed to check for update using Github (net::ERR_INTERNET_DISCONNECTED)
2024-06-29 19:30:32 Checking for update using obsidian.md
2024-06-29 19:30:32 Failed to check for update using obsidian.md (net::ERR_INTERNET_DISCONNECTED)
2024-06-29 20:30:32 Checking for update using Github
2024-06-29 20:30:32 Failed to check for update using Github (net::ERR_INTERNET_DISCONNECTED)
2024-06-29 20:30:32 Checking for update using obsidian.md
2024-06-29 20:30:32 Failed to check for update using obsidian.md (net::ERR_INTERNET_DISCONNECTED)
2024-06-29 21:30:32 Checking for update using Github
2024-06-29 21:30:32 Failed to check for update using Github (net::ERR_INTERNET_DISCONNECTED)
2024-06-29 21:30:32 Checking for update using obsidian.md
2024-06-29 21:30:32 Failed to check for update using obsidian.md (net::ERR_INTERNET_DISCONNECTED)
2024-06-29 22:30:32 Checking for update using Github
2024-06-29 22:30:32 Success.
2024-06-29 22:30:32 Latest version is 1.6.5
2024-06-29 22:30:32 An update is already downloaded.
2024-06-29 23:30:32 Checking for update using Github
2024-06-29 23:30:32 Failed to check for update using Github (net::ERR_INTERNET_DISCONNECTED)
2024-06-29 23:30:32 Checking for update using obsidian.md
2024-06-29 23:30:32 Failed to check for update using obsidian.md (net::ERR_INTERNET_DISCONNECTED)
2024-06-30 00:30:33 Checking for update using Github
2024-06-30 00:30:33 Failed to check for update using Github (net::ERR_INTERNET_DISCONNECTED)
2024-06-30 00:30:33 Checking for update using obsidian.md
2024-06-30 00:30:33 Failed to check for update using obsidian.md (net::ERR_INTERNET_DISCONNECTED)
2024-06-30 01:30:33 Checking for update using Github
2024-06-30 01:30:33 Failed to check for update using Github (net::ERR_INTERNET_DISCONNECTED)
2024-06-30 01:30:33 Checking for update using obsidian.md
2024-06-30 01:30:33 Failed to check for update using obsidian.md (net::ERR_INTERNET_DISCONNECTED)
2024-06-30 02:30:33 Checking for update using Github
2024-06-30 02:30:33 Failed to check for update using Github (net::ERR_INTERNET_DISCONNECTED)
2024-06-30 02:30:33 Checking for update using obsidian.md
2024-06-30 02:30:33 Failed to check for update using obsidian.md (net::ERR_INTERNET_DISCONNECTED)
2024-06-30 03:30:33 Checking for update using Github
2024-06-30 03:30:33 Success.
2024-06-30 03:30:33 Latest version is 1.6.5
2024-06-30 03:30:33 An update is already downloaded.
2024-06-30 04:30:33 Checking for update using Github
2024-06-30 04:30:33 Success.
2024-06-30 04:30:33 Latest version is 1.6.5
2024-06-30 04:30:33 An update is already downloaded.
2024-06-30 05:30:33 Checking for update using Github
2024-06-30 05:30:33 Success.
2024-06-30 05:30:33 Latest version is 1.6.5
2024-06-30 05:30:33 An update is already downloaded.
2024-06-30 06:30:33 Checking for update using Github
2024-06-30 06:30:33 Success.
2024-06-30 06:30:33 Latest version is 1.6.5
2024-06-30 06:30:33 An update is already downloaded.
2024-06-30 07:30:33 Checking for update using Github
2024-06-30 07:30:33 Failed to check for update using Github (net::ERR_INTERNET_DISCONNECTED)
2024-06-30 07:30:33 Checking for update using obsidian.md
2024-06-30 07:30:33 Failed to check for update using obsidian.md (net::ERR_INTERNET_DISCONNECTED)
2024-06-30 08:30:33 Checking for update using Github
2024-06-30 08:30:33 Failed to check for update using Github (net::ERR_INTERNET_DISCONNECTED)
2024-06-30 08:30:33 Checking for update using obsidian.md
2024-06-30 08:30:33 Failed to check for update using obsidian.md (net::ERR_INTERNET_DISCONNECTED)
2024-06-30 09:30:33 Checking for update using Github
2024-06-30 09:30:33 Success.
2024-06-30 09:30:33 Latest version is 1.6.5
2024-06-30 09:30:33 An update is already downloaded.
2024-06-30 10:30:33 Checking for update using Github
2024-06-30 10:30:34 Success.
2024-06-30 10:30:34 Latest version is 1.6.5
2024-06-30 10:30:34 An update is already downloaded.
2024-06-30 11:30:34 Checking for update using Github
2024-06-30 11:30:34 Success.
2024-06-30 11:30:34 Latest version is 1.6.5
2024-06-30 11:30:34 An update is already downloaded.
2024-06-30 12:30:34 Checking for update using Github
2024-06-30 12:30:34 Success.
2024-06-30 12:30:34 Latest version is 1.6.5
2024-06-30 12:30:34 An update is already downloaded.
2024-06-30 13:30:34 Checking for update using Github
2024-06-30 13:30:34 Success.
2024-06-30 13:30:34 Latest version is 1.6.5
2024-06-30 13:30:34 An update is already downloaded.
2024-06-30 14:30:34 Checking for update using Github
2024-06-30 14:30:34 Success.
2024-06-30 14:30:34 Latest version is 1.6.5
2024-06-30 14:30:34 An update is already downloaded.
2024-06-30 15:30:34 Checking for update using Github
2024-06-30 15:30:34 Success.
2024-06-30 15:30:34 Latest version is 1.6.5
2024-06-30 15:30:34 An update is already downloaded.
2024-06-30 16:30:34 Checking for update using Github
2024-06-30 16:30:34 Success.
2024-06-30 16:30:34 Latest version is 1.6.5
2024-06-30 16:30:34 An update is already downloaded.
2024-06-30 17:30:34 Checking for update using Github
2024-06-30 17:30:34 Success.
2024-06-30 17:30:34 Latest version is 1.6.5
2024-06-30 17:30:34 An update is already downloaded.
2024-06-30 18:30:34 Checking for update using Github
2024-06-30 18:30:34 Success.
2024-06-30 18:30:34 Latest version is 1.6.5
2024-06-30 18:30:34 An update is already downloaded.
2024-06-30 19:30:34 Checking for update using Github
2024-06-30 19:30:34 Success.
2024-06-30 19:30:34 Latest version is 1.6.5
2024-06-30 19:30:34 An update is already downloaded.
2024-06-30 20:30:34 Checking for update using Github
2024-06-30 20:30:34 Success.
2024-06-30 20:30:34 Latest version is 1.6.5
2024-06-30 20:30:34 An update is already downloaded.
2024-06-30 21:30:34 Checking for update using Github
2024-06-30 21:30:34 Success.
2024-06-30 21:30:34 Latest version is 1.6.5
2024-06-30 21:30:34 An update is already downloaded.
2024-06-30 22:30:35 Checking for update using Github
2024-06-30 22:30:35 Success.
2024-06-30 22:30:35 Latest version is 1.6.5
2024-06-30 22:30:35 An update is already downloaded.
2024-06-30 23:30:35 Checking for update using Github
2024-06-30 23:30:35 Success.
2024-06-30 23:30:35 Latest version is 1.6.5
2024-06-30 23:30:35 An update is already downloaded.
2024-07-01 00:30:35 Checking for update using Github
2024-07-01 00:30:35 Success.
2024-07-01 00:30:35 Latest version is 1.6.5
2024-07-01 00:30:35 An update is already downloaded.
2024-07-01 01:30:35 Checking for update using Github
2024-07-01 01:30:35 Success.
2024-07-01 01:30:35 Latest version is 1.6.5
2024-07-01 01:30:35 An update is already downloaded.
2024-07-01 02:30:35 Checking for update using Github
2024-07-01 02:30:35 Success.
2024-07-01 02:30:35 Latest version is 1.6.5
2024-07-01 02:30:35 An update is already downloaded.
2024-07-01 03:30:35 Checking for update using Github
2024-07-01 03:30:35 Success.
2024-07-01 03:30:35 Latest version is 1.6.5
2024-07-01 03:30:35 An update is already downloaded.
2024-07-01 04:30:35 Checking for update using Github
2024-07-01 04:30:35 Success.
2024-07-01 04:30:35 Latest version is 1.6.5
2024-07-01 04:30:35 An update is already downloaded.
2024-07-01 05:30:35 Checking for update using Github
2024-07-01 05:30:35 Success.
2024-07-01 05:30:35 Latest version is 1.6.5
2024-07-01 05:30:35 An update is already downloaded.
2024-07-01 06:30:35 Checking for update using Github
2024-07-01 06:30:35 Success.
2024-07-01 06:30:35 Latest version is 1.6.5
2024-07-01 06:30:35 An update is already downloaded.
2024-07-01 07:30:35 Checking for update using Github
2024-07-01 07:30:35 Success.
2024-07-01 07:30:35 Latest version is 1.6.5
2024-07-01 07:30:35 An update is already downloaded.
2024-07-01 08:30:35 Checking for update using Github
2024-07-01 08:30:35 Success.
2024-07-01 08:30:35 Latest version is 1.6.5
2024-07-01 08:30:35 An update is already downloaded.
2024-07-01 09:30:35 Checking for update using Github
2024-07-01 09:30:35 Success.
2024-07-01 09:30:35 Latest version is 1.6.5
2024-07-01 09:30:35 An update is already downloaded.
2024-07-01 10:30:35 Checking for update using Github
2024-07-01 10:30:36 Success.
2024-07-01 10:30:36 Latest version is 1.6.5
2024-07-01 10:30:36 An update is already downloaded.
2024-07-01 11:30:36 Checking for update using Github
2024-07-01 11:30:36 Success.
2024-07-01 11:30:36 Latest version is 1.6.5
2024-07-01 11:30:36 An update is already downloaded.
2024-07-01 12:30:36 Checking for update using Github
2024-07-01 12:30:36 Success.
2024-07-01 12:30:36 Latest version is 1.6.5
2024-07-01 12:30:36 An update is already downloaded.
2024-07-01 13:30:36 Checking for update using Github
2024-07-01 13:30:36 Success.
2024-07-01 13:30:36 Latest version is 1.6.5
2024-07-01 13:30:36 An update is already downloaded.
2024-07-01 14:30:36 Checking for update using Github
2024-07-01 14:30:36 Success.
2024-07-01 14:30:36 Latest version is 1.6.5
2024-07-01 14:30:36 An update is already downloaded.
2024-07-01 15:30:36 Checking for update using Github
2024-07-01 15:30:36 Success.
2024-07-01 15:30:36 Latest version is 1.6.5
2024-07-01 15:30:36 An update is already downloaded.
2024-07-01 16:30:36 Checking for update using Github
2024-07-01 16:30:36 Success.
2024-07-01 16:30:36 Latest version is 1.6.5
2024-07-01 16:30:36 An update is already downloaded.
2024-07-01 17:30:36 Checking for update using Github
2024-07-01 17:30:36 Success.
2024-07-01 17:30:36 Latest version is 1.6.5
2024-07-01 17:30:36 An update is already downloaded.
2024-07-01 18:30:36 Checking for update using Github
2024-07-01 18:30:36 Success.
2024-07-01 18:30:36 Latest version is 1.6.5
2024-07-01 18:30:36 An update is already downloaded.
2024-07-01 19:30:36 Checking for update using Github
2024-07-01 19:30:36 Success.
2024-07-01 19:30:36 Latest version is 1.6.5
2024-07-01 19:30:36 An update is already downloaded.
2024-07-01 20:30:36 Checking for update using Github
2024-07-01 20:30:36 Success.
2024-07-01 20:30:36 Latest version is 1.6.5
2024-07-01 20:30:36 An update is already downloaded.
2024-07-01 21:30:36 Checking for update using Github
2024-07-01 21:30:37 Success.
2024-07-01 21:30:37 Latest version is 1.6.5
2024-07-01 21:30:37 An update is already downloaded.
2024-07-01 22:30:36 Checking for update using Github
2024-07-01 22:30:36 Success.
2024-07-01 22:30:36 Latest version is 1.6.5
2024-07-01 22:30:36 An update is already downloaded.
2024-07-01 23:30:37 Checking for update using Github
2024-07-01 23:30:37 Success.
2024-07-01 23:30:37 Latest version is 1.6.5
2024-07-01 23:30:37 An update is already downloaded.
2024-07-02 00:30:37 Checking for update using Github
2024-07-02 00:30:37 Success.
2024-07-02 00:30:37 Latest version is 1.6.5
2024-07-02 00:30:37 An update is already downloaded.
2024-07-02 01:30:37 Checking for update using Github
2024-07-02 01:30:37 Success.
2024-07-02 01:30:37 Latest version is 1.6.5
2024-07-02 01:30:37 An update is already downloaded.
2024-07-02 02:30:37 Checking for update using Github
2024-07-02 02:30:37 Success.
2024-07-02 02:30:37 Latest version is 1.6.5
2024-07-02 02:30:37 An update is already downloaded.
2024-07-02 03:30:37 Checking for update using Github
2024-07-02 03:30:37 Success.
2024-07-02 03:30:37 Latest version is 1.6.5
2024-07-02 03:30:37 An update is already downloaded.
2024-07-02 04:30:37 Checking for update using Github
2024-07-02 04:30:37 Success.
2024-07-02 04:30:37 Latest version is 1.6.5
2024-07-02 04:30:37 An update is already downloaded.
2024-07-02 05:30:37 Checking for update using Github
2024-07-02 05:30:37 Success.
2024-07-02 05:30:37 Latest version is 1.6.5
2024-07-02 05:30:37 An update is already downloaded.
2024-07-02 06:30:37 Checking for update using Github
2024-07-02 06:30:38 Success.
2024-07-02 06:30:38 Latest version is 1.6.5
2024-07-02 06:30:38 An update is already downloaded.
2024-07-02 07:30:37 Checking for update using Github
2024-07-02 07:30:37 Success.
2024-07-02 07:30:37 Latest version is 1.6.5
2024-07-02 07:30:37 An update is already downloaded.
2024-07-02 08:30:37 Checking for update using Github
2024-07-02 08:30:38 Success.
2024-07-02 08:30:38 Latest version is 1.6.5
2024-07-02 08:30:38 An update is already downloaded.
2024-07-02 09:30:38 Checking for update using Github
2024-07-02 09:30:38 Success.
2024-07-02 09:30:38 Latest version is 1.6.5
2024-07-02 09:30:38 An update is already downloaded.
2024-07-02 10:30:38 Checking for update using Github
2024-07-02 10:30:38 Success.
2024-07-02 10:30:38 Latest version is 1.6.5
2024-07-02 10:30:38 An update is already downloaded.
2024-07-02 11:30:38 Checking for update using Github
2024-07-02 11:30:38 Success.
2024-07-02 11:30:38 Latest version is 1.6.5
2024-07-02 11:30:38 An update is already downloaded.
2024-07-02 12:30:38 Checking for update using Github
2024-07-02 12:30:38 Success.
2024-07-02 12:30:38 Latest version is 1.6.5
2024-07-02 12:30:38 An update is already downloaded.
2024-07-02 13:30:38 Checking for update using Github
2024-07-02 13:30:38 Success.
2024-07-02 13:30:38 Latest version is 1.6.5
2024-07-02 13:30:38 An update is already downloaded.
2024-07-02 14:30:38 Checking for update using Github
2024-07-02 14:30:38 Success.
2024-07-02 14:30:38 Latest version is 1.6.5
2024-07-02 14:30:38 An update is already downloaded.
2024-07-02 15:30:38 Checking for update using Github
2024-07-02 15:30:38 Success.
2024-07-02 15:30:38 Latest version is 1.6.5
2024-07-02 15:30:38 An update is already downloaded.
2024-07-02 16:30:38 Checking for update using Github
2024-07-02 16:30:38 Success.
2024-07-02 16:30:38 Latest version is 1.6.5
2024-07-02 16:30:38 An update is already downloaded.
2024-07-02 17:30:38 Checking for update using Github
2024-07-02 17:30:38 Success.
2024-07-02 17:30:38 Latest version is 1.6.5
2024-07-02 17:30:38 An update is already downloaded.
2024-07-02 18:30:38 Checking for update using Github
2024-07-02 18:30:38 Success.
2024-07-02 18:30:38 Latest version is 1.6.5
2024-07-02 18:30:38 An update is already downloaded.
2024-07-02 19:30:38 Checking for update using Github
2024-07-02 19:30:38 Success.
2024-07-02 19:30:38 Latest version is 1.6.5
2024-07-02 19:30:38 An update is already downloaded.
2024-07-02 20:30:38 Checking for update using Github
2024-07-02 20:30:38 Success.
2024-07-02 20:30:38 Latest version is 1.6.5
2024-07-02 20:30:38 An update is already downloaded.
2024-07-02 21:30:39 Checking for update using Github
2024-07-02 21:30:39 Success.
2024-07-02 21:30:39 Latest version is 1.6.5
2024-07-02 21:30:39 An update is already downloaded.
2024-07-02 22:30:39 Checking for update using Github
2024-07-02 22:30:39 Success.
2024-07-02 22:30:39 Latest version is 1.6.5
2024-07-02 22:30:39 An update is already downloaded.
2024-07-02 23:30:39 Checking for update using Github
2024-07-02 23:30:39 Success.
2024-07-02 23:30:39 Latest version is 1.6.5
2024-07-02 23:30:39 An update is already downloaded.
2024-07-03 00:30:39 Checking for update using Github
2024-07-03 00:30:39 Success.
2024-07-03 00:30:39 Latest version is 1.6.5
2024-07-03 00:30:39 An update is already downloaded.
2024-07-03 01:30:39 Checking for update using Github
2024-07-03 01:30:39 Success.
2024-07-03 01:30:39 Latest version is 1.6.5
2024-07-03 01:30:39 An update is already downloaded.
2024-07-03 02:30:39 Checking for update using Github
2024-07-03 02:30:39 Success.
2024-07-03 02:30:39 Latest version is 1.6.5
2024-07-03 02:30:39 An update is already downloaded.
2024-07-03 03:30:39 Checking for update using Github
2024-07-03 03:30:39 Success.
2024-07-03 03:30:39 Latest version is 1.6.5
2024-07-03 03:30:39 An update is already downloaded.
2024-07-03 04:30:39 Checking for update using Github
2024-07-03 04:30:39 Success.
2024-07-03 04:30:39 Latest version is 1.6.5
2024-07-03 04:30:39 An update is already downloaded.
2024-07-03 05:30:39 Checking for update using Github
2024-07-03 05:30:39 Success.
2024-07-03 05:30:39 Latest version is 1.6.5
2024-07-03 05:30:39 An update is already downloaded.
2024-07-03 06:30:39 Checking for update using Github
2024-07-03 06:30:39 Success.
2024-07-03 06:30:39 Latest version is 1.6.5
2024-07-03 06:30:39 An update is already downloaded.
2024-07-15 08:00:02 Loading updated app package /home/earthii/.config/obsidian/obsidian-1.6.5.asar
2024-07-15 08:00:02 Checking for update using Github
2024-07-15 08:00:02 Success.
2024-07-15 08:00:02 Latest version is 1.6.5
2024-07-15 08:00:02 App is up to date.
2024-07-15 09:48:50 Loading main app package /usr/lib/obsidian/obsidian.asar
2024-07-15 09:48:50 Checking for update using Github
2024-07-15 09:48:50 Success.
2024-07-15 09:48:50 Latest version is 1.6.5
2024-07-15 09:48:50 App is up to date.
2024-07-15 23:40:36 Loading main app package /usr/lib/obsidian/obsidian.asar
2024-07-15 23:40:36 Checking for update using Github
2024-07-15 23:40:37 Success.
2024-07-15 23:40:37 Latest version is 1.6.5
2024-07-15 23:40:37 App is up to date.
2024-07-16 00:58:46 Loading main app package /usr/lib/obsidian/obsidian.asar
2024-07-16 00:58:46 Checking for update using Github
2024-07-16 00:58:46 Success.
2024-07-16 00:58:46 Latest version is 1.6.5
2024-07-16 00:58:46 App is up to date.
2024-07-16 01:58:46 Checking for update using Github
2024-07-16 01:58:46 Success.
2024-07-16 01:58:46 Latest version is 1.6.5
2024-07-16 01:58:46 App is up to date.
2024-07-17 00:02:33 Loading main app package /usr/lib/obsidian/obsidian.asar
2024-07-17 00:02:33 Checking for update using Github
2024-07-17 00:02:33 Success.
2024-07-17 00:02:33 Latest version is 1.6.5
2024-07-17 00:02:33 App is up to date.
2024-07-17 01:02:33 Checking for update using Github
2024-07-17 01:02:33 Success.
2024-07-17 01:02:33 Latest version is 1.6.5
2024-07-17 01:02:33 App is up to date.
2024-07-17 01:09:21 Loading main app package /usr/lib/obsidian/obsidian.asar
2024-07-17 01:09:21 Checking for update using Github
2024-07-17 02:02:33 Checking for update using Github
2024-07-17 02:02:33 Success.
2024-07-17 02:02:33 Latest version is 1.6.5
2024-07-17 02:02:33 App is up to date.
2024-07-17 03:02:33 Checking for update using Github
2024-07-17 03:02:33 Success.
2024-07-17 03:02:33 Latest version is 1.6.5
2024-07-17 03:02:33 App is up to date.
2024-07-17 04:02:33 Checking for update using Github
2024-07-17 04:02:33 Success.
2024-07-17 04:02:33 Latest version is 1.6.5
2024-07-17 04:02:33 App is up to date.
2024-07-17 05:02:33 Checking for update using Github
2024-07-17 05:02:33 Success.
2024-07-17 05:02:33 Latest version is 1.6.5
2024-07-17 05:02:33 App is up to date.
2024-07-17 06:02:33 Checking for update using Github
2024-07-17 06:02:34 Success.
2024-07-17 06:02:34 Latest version is 1.6.5
2024-07-17 06:02:34 App is up to date.
2024-07-17 07:02:34 Checking for update using Github
2024-07-17 07:02:34 Success.
2024-07-17 07:02:34 Latest version is 1.6.5
2024-07-17 07:02:34 App is up to date.
2024-07-17 08:02:34 Checking for update using Github
2024-07-17 08:02:34 Success.
2024-07-17 08:02:34 Latest version is 1.6.5
2024-07-17 08:02:34 App is up to date.
2024-07-17 09:02:34 Checking for update using Github
2024-07-17 09:02:34 Success.
2024-07-17 09:02:34 Latest version is 1.6.5
2024-07-17 09:02:34 App is up to date.
2024-07-17 10:02:34 Checking for update using Github
2024-07-17 10:02:34 Success.
2024-07-17 10:02:34 Latest version is 1.6.5
2024-07-17 10:02:34 App is up to date.
2024-07-17 11:02:34 Checking for update using Github
2024-07-17 11:02:34 Success.
2024-07-17 11:02:34 Latest version is 1.6.5
2024-07-17 11:02:34 App is up to date.
2024-07-17 12:02:34 Checking for update using Github
2024-07-17 12:02:34 Success.
2024-07-17 12:02:34 Latest version is 1.6.5
2024-07-17 12:02:34 App is up to date.
2024-07-17 13:02:34 Checking for update using Github
2024-07-17 13:02:34 Success.
2024-07-17 13:02:34 Latest version is 1.6.5
2024-07-17 13:02:34 App is up to date.
2024-07-17 14:02:34 Checking for update using Github
2024-07-17 14:02:35 Success.
2024-07-17 14:02:35 Latest version is 1.6.5
2024-07-17 14:02:35 App is up to date.
2024-07-17 15:02:34 Checking for update using Github
2024-07-17 15:02:34 Success.
2024-07-17 15:02:34 Latest version is 1.6.5
2024-07-17 15:02:34 App is up to date.
2024-07-17 16:02:34 Checking for update using Github
2024-07-17 16:02:34 Success.
2024-07-17 16:02:34 Latest version is 1.6.5
2024-07-17 16:02:34 App is up to date.
2024-07-17 17:02:34 Checking for update using Github
2024-07-17 17:02:34 Success.
2024-07-17 17:02:34 Latest version is 1.6.5
2024-07-17 17:02:34 App is up to date.
2024-07-17 18:02:34 Checking for update using Github
2024-07-17 18:02:35 Success.
2024-07-17 18:02:35 Latest version is 1.6.5
2024-07-17 18:02:35 App is up to date.
2024-07-17 19:02:34 Checking for update using Github
2024-07-17 19:02:35 Failed to check for update using Github (net::ERR_INTERNET_DISCONNECTED)
2024-07-17 19:02:35 Checking for update using obsidian.md
2024-07-17 19:02:35 Failed to check for update using obsidian.md (net::ERR_INTERNET_DISCONNECTED)
2024-07-17 20:02:35 Checking for update using Github
2024-07-17 20:02:35 Failed to check for update using Github (net::ERR_INTERNET_DISCONNECTED)
2024-07-17 20:02:35 Checking for update using obsidian.md
2024-07-17 20:02:35 Failed to check for update using obsidian.md (net::ERR_INTERNET_DISCONNECTED)
2024-07-17 21:02:35 Checking for update using Github
2024-07-17 21:02:35 Failed to check for update using Github (net::ERR_INTERNET_DISCONNECTED)
2024-07-17 21:02:35 Checking for update using obsidian.md
2024-07-17 21:02:35 Failed to check for update using obsidian.md (net::ERR_INTERNET_DISCONNECTED)
2024-07-17 22:02:35 Checking for update using Github
2024-07-17 22:02:35 Failed to check for update using Github (net::ERR_INTERNET_DISCONNECTED)
2024-07-17 22:02:35 Checking for update using obsidian.md
2024-07-17 22:02:35 Failed to check for update using obsidian.md (net::ERR_INTERNET_DISCONNECTED)
2024-07-17 23:02:35 Checking for update using Github
2024-07-17 23:02:35 Failed to check for update using Github (net::ERR_INTERNET_DISCONNECTED)
2024-07-17 23:02:35 Checking for update using obsidian.md
2024-07-17 23:02:35 Failed to check for update using obsidian.md (net::ERR_INTERNET_DISCONNECTED)
2024-07-18 00:02:35 Checking for update using Github
2024-07-18 00:02:35 Failed to check for update using Github (net::ERR_INTERNET_DISCONNECTED)
2024-07-18 00:02:35 Checking for update using obsidian.md
2024-07-18 00:02:35 Failed to check for update using obsidian.md (net::ERR_INTERNET_DISCONNECTED)
2024-07-18 01:02:35 Checking for update using Github
2024-07-18 01:02:35 Failed to check for update using Github (net::ERR_INTERNET_DISCONNECTED)
2024-07-18 01:02:35 Checking for update using obsidian.md
2024-07-18 01:02:35 Failed to check for update using obsidian.md (net::ERR_INTERNET_DISCONNECTED)
2024-07-18 02:02:35 Checking for update using Github
2024-07-18 02:02:35 Failed to check for update using Github (net::ERR_INTERNET_DISCONNECTED)
2024-07-18 02:02:35 Checking for update using obsidian.md
2024-07-18 02:02:35 Failed to check for update using obsidian.md (net::ERR_INTERNET_DISCONNECTED)
2024-07-18 03:02:35 Checking for update using Github
2024-07-18 03:02:35 Failed to check for update using Github (net::ERR_INTERNET_DISCONNECTED)
2024-07-18 03:02:35 Checking for update using obsidian.md
2024-07-18 03:02:35 Failed to check for update using obsidian.md (net::ERR_INTERNET_DISCONNECTED)
2024-07-18 04:02:35 Checking for update using Github
2024-07-18 04:02:35 Failed to check for update using Github (net::ERR_INTERNET_DISCONNECTED)
2024-07-18 04:02:35 Checking for update using obsidian.md
2024-07-18 04:02:35 Failed to check for update using obsidian.md (net::ERR_INTERNET_DISCONNECTED)
2024-07-18 05:02:35 Checking for update using Github
2024-07-18 05:02:35 Failed to check for update using Github (net::ERR_INTERNET_DISCONNECTED)
2024-07-18 05:02:35 Checking for update using obsidian.md
2024-07-18 05:02:35 Failed to check for update using obsidian.md (net::ERR_INTERNET_DISCONNECTED)
2024-07-18 06:02:35 Checking for update using Github
2024-07-18 06:02:35 Failed to check for update using Github (net::ERR_INTERNET_DISCONNECTED)
2024-07-18 06:02:35 Checking for update using obsidian.md
2024-07-18 06:02:35 Failed to check for update using obsidian.md (net::ERR_INTERNET_DISCONNECTED)
2024-07-18 07:02:35 Checking for update using Github
2024-07-18 07:02:35 Failed to check for update using Github (net::ERR_INTERNET_DISCONNECTED)
2024-07-18 07:02:35 Checking for update using obsidian.md
2024-07-18 07:02:35 Failed to check for update using obsidian.md (net::ERR_INTERNET_DISCONNECTED)
2024-07-18 08:02:36 Checking for update using Github
2024-07-18 08:02:36 Failed to check for update using Github (net::ERR_INTERNET_DISCONNECTED)
2024-07-18 08:02:36 Checking for update using obsidian.md
2024-07-18 08:02:36 Failed to check for update using obsidian.md (net::ERR_INTERNET_DISCONNECTED)
2024-07-18 09:02:36 Checking for update using Github
2024-07-18 09:02:36 Failed to check for update using Github (net::ERR_INTERNET_DISCONNECTED)
2024-07-18 09:02:36 Checking for update using obsidian.md
2024-07-18 09:02:36 Failed to check for update using obsidian.md (net::ERR_INTERNET_DISCONNECTED)
2024-07-19 02:01:33 Loading main app package /usr/lib/obsidian/obsidian.asar
2024-07-19 02:01:33 Checking for update using Github
2024-07-19 02:01:33 Failed to check for update using Github (net::ERR_INTERNET_DISCONNECTED)
2024-07-19 02:01:33 Checking for update using obsidian.md
2024-07-19 02:01:33 Failed to check for update using obsidian.md (net::ERR_INTERNET_DISCONNECTED)
2024-07-19 03:01:33 Checking for update using Github
2024-07-19 03:01:34 Success.
2024-07-19 03:01:34 Latest version is 1.6.7
2024-07-19 03:01:34 Downloading update from https://github.com/obsidianmd/obsidian-releases/releases/download/v1.6.7/obsidian-1.6.7.asar.gz
2024-07-19 03:01:42 Verifying hash & signature. Size= 7993245
2024-07-19 03:01:42 Saving file
2024-07-19 03:01:42 Update complete.
2024-07-19 03:33:26 Loading updated app package /home/earthii/.config/obsidian/obsidian-1.6.7.asar
2024-07-19 03:33:26 Checking for update using Github
2024-07-19 03:33:26 Success.
2024-07-19 03:33:26 Latest version is 1.6.7
2024-07-19 03:33:26 App is up to date.
2024-07-19 04:33:26 Checking for update using Github
2024-07-19 04:33:26 Success.
2024-07-19 04:33:26 Latest version is 1.6.7
2024-07-19 04:33:26 App is up to date.
2024-07-19 04:42:53 Loading updated app package /home/earthii/.config/obsidian/obsidian-1.6.7.asar
2024-07-19 04:42:53 Checking for update using Github
2024-07-19 04:42:53 Success.
2024-07-19 04:42:53 Latest version is 1.6.7
2024-07-19 04:42:53 App is up to date.
2024-07-20 09:00:45 Loading updated app package /home/earthii/.config/obsidian/obsidian-1.6.7.asar
2024-07-20 09:00:46 Checking for update using Github
2024-07-20 09:00:46 Success.
2024-07-20 09:00:46 Latest version is 1.6.7
2024-07-20 09:00:46 App is up to date.
2024-07-20 10:00:45 Checking for update using Github
2024-07-20 10:00:46 Success.
2024-07-20 10:00:46 Latest version is 1.6.7
2024-07-20 10:00:46 App is up to date.
2024-07-20 11:00:46 Checking for update using Github
2024-07-20 11:00:46 Success.
2024-07-20 11:00:46 Latest version is 1.6.7
2024-07-20 11:00:46 App is up to date.
2024-07-20 12:00:46 Checking for update using Github
2024-07-20 12:00:46 Success.
2024-07-20 12:00:46 Latest version is 1.6.7
2024-07-20 12:00:46 App is up to date.
2024-07-20 13:00:46 Checking for update using Github
2024-07-20 13:00:46 Success.
2024-07-20 13:00:46 Latest version is 1.6.7
2024-07-20 13:00:46 App is up to date.
2024-07-20 14:00:46 Checking for update using Github
2024-07-20 14:00:46 Success.
2024-07-20 14:00:46 Latest version is 1.6.7
2024-07-20 14:00:46 App is up to date.
2024-07-20 15:00:46 Checking for update using Github
2024-07-20 15:00:46 Success.
2024-07-20 15:00:46 Latest version is 1.6.7
2024-07-20 15:00:46 App is up to date.
2024-07-20 16:00:46 Checking for update using Github
2024-07-20 16:00:46 Success.
2024-07-20 16:00:46 Latest version is 1.6.7
2024-07-20 16:00:46 App is up to date.
2024-07-20 17:00:46 Checking for update using Github
2024-07-20 17:00:46 Success.
2024-07-20 17:00:46 Latest version is 1.6.7
2024-07-20 17:00:46 App is up to date.
2024-07-20 18:00:46 Checking for update using Github
2024-07-20 18:00:46 Success.
2024-07-20 18:00:46 Latest version is 1.6.7
2024-07-20 18:00:46 App is up to date.
2024-07-20 19:00:46 Checking for update using Github
2024-07-20 19:00:46 Success.
2024-07-20 19:00:46 Latest version is 1.6.7
2024-07-20 19:00:46 App is up to date.
2024-07-20 20:00:46 Checking for update using Github
2024-07-20 20:00:46 Success.
2024-07-20 20:00:46 Latest version is 1.6.7
2024-07-20 20:00:46 App is up to date.
2024-07-20 21:00:46 Checking for update using Github
2024-07-20 21:00:46 Success.
2024-07-20 21:00:46 Latest version is 1.6.7
2024-07-20 21:00:46 App is up to date.
2024-07-20 22:00:46 Checking for update using Github
2024-07-20 22:00:47 Success.
2024-07-20 22:00:47 Latest version is 1.6.7
2024-07-20 22:00:47 App is up to date.
2024-07-20 23:00:47 Checking for update using Github
2024-07-20 23:00:47 Success.
2024-07-20 23:00:47 Latest version is 1.6.7
2024-07-20 23:00:47 App is up to date.
2024-07-21 00:00:47 Checking for update using Github
2024-07-21 00:00:47 Success.
2024-07-21 00:00:47 Latest version is 1.6.7
2024-07-21 00:00:47 App is up to date.
2024-07-21 01:00:47 Checking for update using Github
2024-07-21 01:00:47 Success.
2024-07-21 01:00:47 Latest version is 1.6.7
2024-07-21 01:00:47 App is up to date.
2024-07-21 02:00:47 Checking for update using Github
2024-07-21 02:00:47 Success.
2024-07-21 02:00:47 Latest version is 1.6.7
2024-07-21 02:00:47 App is up to date.
2024-07-21 03:00:47 Checking for update using Github
2024-07-21 03:00:47 Success.
2024-07-21 03:00:47 Latest version is 1.6.7
2024-07-21 03:00:47 App is up to date.
2024-07-21 04:00:47 Checking for update using Github
2024-07-21 04:00:47 Success.
2024-07-21 04:00:47 Latest version is 1.6.7
2024-07-21 04:00:47 App is up to date.
2024-07-21 05:00:47 Checking for update using Github
2024-07-21 05:00:47 Success.
2024-07-21 05:00:47 Latest version is 1.6.7
2024-07-21 05:00:47 App is up to date.
2024-07-21 06:00:47 Checking for update using Github
2024-07-21 06:00:47 Success.
2024-07-21 06:00:47 Latest version is 1.6.7
2024-07-21 06:00:47 App is up to date.
2024-07-21 07:00:47 Checking for update using Github
2024-07-21 07:00:47 Success.
2024-07-21 07:00:47 Latest version is 1.6.7
2024-07-21 07:00:47 App is up to date.
2024-07-21 08:00:47 Checking for update using Github
2024-07-21 08:00:47 Success.
2024-07-21 08:00:47 Latest version is 1.6.7
2024-07-21 08:00:47 App is up to date.
2024-07-21 09:00:47 Checking for update using Github
2024-07-21 09:00:47 Success.
2024-07-21 09:00:47 Latest version is 1.6.7
2024-07-21 09:00:47 App is up to date.
2024-07-21 10:00:47 Checking for update using Github
2024-07-21 10:00:47 Success.
2024-07-21 10:00:47 Latest version is 1.6.7
2024-07-21 10:00:47 App is up to date.
2024-07-21 11:00:47 Checking for update using Github
2024-07-21 11:00:47 Success.
2024-07-21 11:00:47 Latest version is 1.6.7
2024-07-21 11:00:47 App is up to date.
2024-07-21 12:00:47 Checking for update using Github
2024-07-21 12:00:48 Success.
2024-07-21 12:00:48 Latest version is 1.6.7
2024-07-21 12:00:48 App is up to date.
2024-07-21 13:00:48 Checking for update using Github
2024-07-21 13:00:48 Success.
2024-07-21 13:00:48 Latest version is 1.6.7
2024-07-21 13:00:48 App is up to date.
2024-07-21 14:00:48 Checking for update using Github
2024-07-21 14:00:48 Success.
2024-07-21 14:00:48 Latest version is 1.6.7
2024-07-21 14:00:48 App is up to date.
2024-07-21 15:00:48 Checking for update using Github
2024-07-21 15:00:48 Success.
2024-07-21 15:00:48 Latest version is 1.6.7
2024-07-21 15:00:48 App is up to date.
2024-07-21 16:00:48 Checking for update using Github
2024-07-21 16:00:48 Success.
2024-07-21 16:00:48 Latest version is 1.6.7
2024-07-21 16:00:48 App is up to date.
2024-07-21 17:00:48 Checking for update using Github
2024-07-21 17:00:48 Success.
2024-07-21 17:00:48 Latest version is 1.6.7
2024-07-21 17:00:48 App is up to date.
2024-07-21 18:00:48 Checking for update using Github
2024-07-21 18:00:48 Success.
2024-07-21 18:00:48 Latest version is 1.6.7
2024-07-21 18:00:48 App is up to date.
2024-07-21 19:00:48 Checking for update using Github
2024-07-21 19:00:48 Success.
2024-07-21 19:00:48 Latest version is 1.6.7
2024-07-21 19:00:48 App is up to date.
2024-07-21 21:41:08 Loading updated app package /home/earthii/.config/obsidian/obsidian-1.6.7.asar
2024-07-21 21:41:08 Checking for update using Github
2024-07-21 21:41:08 Failed to check for update using Github (net::ERR_INTERNET_DISCONNECTED)
2024-07-21 21:41:08 Checking for update using obsidian.md
2024-07-21 21:41:08 Failed to check for update using obsidian.md (net::ERR_INTERNET_DISCONNECTED)
2024-07-22 08:01:52 Loading updated app package /home/earthii/.config/obsidian/obsidian-1.6.7.asar
2024-07-22 08:01:52 Checking for update using Github
2024-07-22 08:01:52 Success.
2024-07-22 08:01:52 Latest version is 1.6.7
2024-07-22 08:01:52 App is up to date.
2024-07-22 09:01:52 Checking for update using Github
2024-07-22 09:01:52 Success.
2024-07-22 09:01:52 Latest version is 1.6.7
2024-07-22 09:01:52 App is up to date.
2024-07-22 10:01:52 Checking for update using Github
2024-07-22 10:01:52 Success.
2024-07-22 10:01:52 Latest version is 1.6.7
2024-07-22 10:01:52 App is up to date.
